<?xml version="1.0" encoding="UTF-8"?>
<testsuite xmlns:xsi="http://www.w3.org/2001/XMLSchema-instance" xsi:noNamespaceSchemaLocation="https://maven.apache.org/surefire/maven-surefire-plugin/xsd/surefire-test-report.xsd" name="com.folksdev.account.service.CustomerServiceTest" time="0.022" tests="4" errors="0" skipped="0" failures="0">
  <properties>
[...]
</properties>
  <testcase name="testFindByCustomerId_whenCustomerIdDoesNotExist_shouldThrowCustomerNotFoundException" classname="com.folksdev.account.service.CustomerServiceTest" time="0.016"/>
  <testcase name="testGetCustomerById_whenCustomerIdExists_shouldReturnCustomer" classname="com.folksdev.account.service.CustomerServiceTest" time="0.001"/>
  <testcase name="testGetCustomerById_whenCustomerIdDoesNotExist_shouldThrowCustomerNotFoundException" classname="com.folksdev.account.service.CustomerServiceTest" time="0.001"/>
  <testcase name="testFindByCustomerId_whenCustomerIdExists_shouldReturnCustomer" classname="com.folksdev.account.service.CustomerServiceTest" time="0.001"/>
</testsuite>